  main.cpp
glfw3.lib(win32_init.obj) : error LNK2001: 확인할 수 없는 외부 기호 __imp_TranslateMessage
glfw3.lib(win32_window.obj) : error LNK2001: 확인할 수 없는 외부 기호 __imp_TranslateMessage
glfw3.lib(win32_init.obj) : error LNK2001: 확인할 수 없는 외부 기호 __imp_DispatchMessageW
glfw3.lib(win32_window.obj) : error LNK2001: 확인할 수 없는 외부 기호 __imp_DispatchMessageW
glfw3.lib(win32_init.obj) : error LNK2001: 확인할 수 없는 외부 기호 __imp_PeekMessageW
glfw3.lib(win32_window.obj) : error LNK2001: 확인할 수 없는 외부 기호 __imp_PeekMessageW
glfw3.lib(win32_init.obj) : error LNK2001: 확인할 수 없는 외부 기호 __imp_RegisterDeviceNotificationW
glfw3.lib(win32_init.obj) : error LNK2001: 확인할 수 없는 외부 기호 __imp_UnregisterDeviceNotification
glfw3.lib(win32_init.obj) : error LNK2001: 확인할 수 없는 외부 기호 __imp_CreateWindowExW
glfw3.lib(win32_window.obj) : error LNK2001: 확인할 수 없는 외부 기호 __imp_CreateWindowExW
glfw3.lib(win32_init.obj) : error LNK2001: 확인할 수 없는 외부 기호 __imp_DestroyWindow
glfw3.lib(win32_window.obj) : error LNK2001: 확인할 수 없는 외부 기호 __imp_DestroyWindow
glfw3.lib(win32_init.obj) : error LNK2001: 확인할 수 없는 외부 기호 __imp_ShowWindow
glfw3.lib(win32_window.obj) : error LNK2001: 확인할 수 없는 외부 기호 __imp_ShowWindow
glfw3.lib(win32_init.obj) : error LNK2001: 확인할 수 없는 외부 기호 __imp_ToUnicode
glfw3.lib(win32_init.obj) : error LNK2001: 확인할 수 없는 외부 기호 __imp_MapVirtualKeyW
glfw3.lib(win32_window.obj) : error LNK2001: 확인할 수 없는 외부 기호 __imp_MapVirtualKeyW
glfw3.lib(win32_init.obj) : error LNK2001: 확인할 수 없는 외부 기호 __imp_SystemParametersInfoW
glfw3.lib(win32_window.obj) : error LNK2001: 확인할 수 없는 외부 기호 __imp_SystemParametersInfoW
glfw3.lib(win32_monitor.obj) : error LNK2001: 확인할 수 없는 외부 기호 __imp_CreateDCW
glfw3.lib(win32_monitor.obj) : error LNK2001: 확인할 수 없는 외부 기호 __imp_DeleteDC
glfw3.lib(win32_monitor.obj) : error LNK2001: 확인할 수 없는 외부 기호 __imp_GetDeviceCaps
glfw3.lib(win32_monitor.obj) : error LNK2001: 확인할 수 없는 외부 기호 __imp_GetDeviceGammaRamp
glfw3.lib(win32_monitor.obj) : error LNK2001: 확인할 수 없는 외부 기호 __imp_SetDeviceGammaRamp
glfw3.lib(win32_monitor.obj) : error LNK2001: 확인할 수 없는 외부 기호 __imp_GetDC
glfw3.lib(win32_window.obj) : error LNK2001: 확인할 수 없는 외부 기호 __imp_GetDC
glfw3.lib(wgl_context.obj) : error LNK2001: 확인할 수 없는 외부 기호 __imp_GetDC
glfw3.lib(win32_monitor.obj) : error LNK2001: 확인할 수 없는 외부 기호 __imp_ReleaseDC
glfw3.lib(win32_window.obj) : error LNK2001: 확인할 수 없는 외부 기호 __imp_ReleaseDC
glfw3.lib(win32_monitor.obj) : error LNK2001: 확인할 수 없는 외부 기호 __imp_ChangeDisplaySettingsExW
glfw3.lib(win32_monitor.obj) : error LNK2001: 확인할 수 없는 외부 기호 __imp_EnumDisplaySettingsW
glfw3.lib(win32_monitor.obj) : error LNK2001: 확인할 수 없는 외부 기호 __imp_EnumDisplaySettingsExW
glfw3.lib(win32_monitor.obj) : error LNK2001: 확인할 수 없는 외부 기호 __imp_EnumDisplayDevicesW
glfw3.lib(win32_monitor.obj) : error LNK2001: 확인할 수 없는 외부 기호 __imp_GetMonitorInfoW
glfw3.lib(win32_window.obj) : error LNK2001: 확인할 수 없는 외부 기호 __imp_GetMonitorInfoW
glfw3.lib(win32_monitor.obj) : error LNK2001: 확인할 수 없는 외부 기호 __imp_EnumDisplayMonitors
glfw3.lib(win32_window.obj) : error LNK2001: 확인할 수 없는 외부 기호 __imp_CreateBitmap
glfw3.lib(win32_window.obj) : error LNK2001: 확인할 수 없는 외부 기호 __imp_CreateRectRgn
glfw3.lib(win32_window.obj) : error LNK2001: 확인할 수 없는 외부 기호 __imp_DeleteObject
glfw3.lib(win32_window.obj) : error LNK2001: 확인할 수 없는 외부 기호 __imp_CreateDIBSection
glfw3.lib(win32_window.obj) : error LNK2001: 확인할 수 없는 외부 기호 __imp_TrackMouseEvent
glfw3.lib(win32_window.obj) : error LNK2001: 확인할 수 없는 외부 기호 __imp_GetMessageTime
glfw3.lib(win32_window.obj) : error LNK2001: 확인할 수 없는 외부 기호 __imp_SendMessageW
glfw3.lib(win32_window.obj) : error LNK2001: 확인할 수 없는 외부 기호 __imp_PostMessageW
glfw3.lib(win32_window.obj) : error LNK2001: 확인할 수 없는 외부 기호 __imp_WaitMessage
glfw3.lib(win32_window.obj) : error LNK2001: 확인할 수 없는 외부 기호 __imp_DefWindowProcW
glfw3.lib(win32_window.obj) : error LNK2001: 확인할 수 없는 외부 기호 __imp_UnregisterClassW
glfw3.lib(win32_window.obj) : error LNK2001: 확인할 수 없는 외부 기호 __imp_RegisterClassExW
glfw3.lib(win32_window.obj) : error LNK2001: 확인할 수 없는 외부 기호 __imp_GetLayeredWindowAttributes
glfw3.lib(win32_window.obj) : error LNK2001: 확인할 수 없는 외부 기호 __imp_SetLayeredWindowAttributes
glfw3.lib(win32_window.obj) : error LNK2001: 확인할 수 없는 외부 기호 __imp_FlashWindow
glfw3.lib(win32_window.obj) : error LNK2001: 확인할 수 없는 외부 기호 __imp_MoveWindow
glfw3.lib(win32_window.obj) : error LNK2001: 확인할 수 없는 외부 기호 __imp_SetWindowPos
glfw3.lib(win32_window.obj) : error LNK2001: 확인할 수 없는 외부 기호 __imp_GetWindowPlacement
glfw3.lib(win32_window.obj) : error LNK2001: 확인할 수 없는 외부 기호 __imp_SetWindowPlacement
glfw3.lib(win32_window.obj) : error LNK2001: 확인할 수 없는 외부 기호 __imp_IsWindowVisible
glfw3.lib(win32_window.obj) : error LNK2001: 확인할 수 없는 외부 기호 __imp_IsIconic
glfw3.lib(win32_window.obj) : error LNK2001: 확인할 수 없는 외부 기호 __imp_BringWindowToTop
glfw3.lib(win32_window.obj) : error LNK2001: 확인할 수 없는 외부 기호 __imp_IsZoomed
glfw3.lib(win32_window.obj) : error LNK2001: 확인할 수 없는 외부 기호 __imp_OpenClipboard
glfw3.lib(win32_window.obj) : error LNK2001: 확인할 수 없는 외부 기호 __imp_CloseClipboard
glfw3.lib(win32_window.obj) : error LNK2001: 확인할 수 없는 외부 기호 __imp_SetClipboardData
glfw3.lib(win32_window.obj) : error LNK2001: 확인할 수 없는 외부 기호 __imp_GetClipboardData
glfw3.lib(win32_window.obj) : error LNK2001: 확인할 수 없는 외부 기호 __imp_EmptyClipboard
glfw3.lib(win32_window.obj) : error LNK2001: 확인할 수 없는 외부 기호 __imp_SetFocus
glfw3.lib(win32_window.obj) : error LNK2001: 확인할 수 없는 외부 기호 __imp_GetActiveWindow
glfw3.lib(win32_window.obj) : error LNK2001: 확인할 수 없는 외부 기호 __imp_GetKeyState
glfw3.lib(win32_window.obj) : error LNK2001: 확인할 수 없는 외부 기호 __imp_SetCapture
glfw3.lib(win32_window.obj) : error LNK2001: 확인할 수 없는 외부 기호 __imp_ReleaseCapture
glfw3.lib(win32_window.obj) : error LNK2001: 확인할 수 없는 외부 기호 __imp_MsgWaitForMultipleObjects
glfw3.lib(win32_window.obj) : error LNK2001: 확인할 수 없는 외부 기호 __imp_GetSystemMetrics
glfw3.lib(win32_window.obj) : error LNK2001: 확인할 수 없는 외부 기호 __imp_SetForegroundWindow
glfw3.lib(win32_window.obj) : error LNK2001: 확인할 수 없는 외부 기호 __imp_SetPropW
glfw3.lib(win32_window.obj) : error LNK2001: 확인할 수 없는 외부 기호 __imp_GetPropW
glfw3.lib(win32_window.obj) : error LNK2001: 확인할 수 없는 외부 기호 __imp_RemovePropW
glfw3.lib(win32_window.obj) : error LNK2001: 확인할 수 없는 외부 기호 __imp_SetWindowTextW
glfw3.lib(win32_window.obj) : error LNK2001: 확인할 수 없는 외부 기호 __imp_GetClientRect
glfw3.lib(win32_window.obj) : error LNK2001: 확인할 수 없는 외부 기호 __imp_GetWindowRect
glfw3.lib(win32_window.obj) : error LNK2001: 확인할 수 없는 외부 기호 __imp_AdjustWindowRectEx
glfw3.lib(win32_window.obj) : error LNK2001: 확인할 수 없는 외부 기호 __imp_SetCursorPos
glfw3.lib(win32_window.obj) : error LNK2001: 확인할 수 없는 외부 기호 __imp_SetCursor
glfw3.lib(win32_window.obj) : error LNK2001: 확인할 수 없는 외부 기호 __imp_GetCursorPos
glfw3.lib(win32_window.obj) : error LNK2001: 확인할 수 없는 외부 기호 __imp_ClientToScreen
glfw3.lib(win32_window.obj) : error LNK2001: 확인할 수 없는 외부 기호 __imp_ScreenToClient
glfw3.lib(win32_window.obj) : error LNK2001: 확인할 수 없는 외부 기호 __imp_WindowFromPoint
glfw3.lib(win32_window.obj) : error LNK2001: 확인할 수 없는 외부 기호 __imp_ClipCursor
glfw3.lib(win32_window.obj) : error LNK2001: 확인할 수 없는 외부 기호 __imp_SetRect
glfw3.lib(win32_window.obj) : error LNK2001: 확인할 수 없는 외부 기호 __imp_OffsetRect
glfw3.lib(win32_window.obj) : error LNK2001: 확인할 수 없는 외부 기호 __imp_PtInRect
glfw3.lib(win32_window.obj) : error LNK2001: 확인할 수 없는 외부 기호 __imp_GetWindowLongW
glfw3.lib(win32_window.obj) : error LNK2001: 확인할 수 없는 외부 기호 __imp_SetWindowLongW
glfw3.lib(win32_window.obj) : error LNK2001: 확인할 수 없는 외부 기호 __imp_GetClassLongPtrW
glfw3.lib(win32_window.obj) : error LNK2001: 확인할 수 없는 외부 기호 __imp_LoadCursorW
glfw3.lib(win32_window.obj) : error LNK2001: 확인할 수 없는 외부 기호 __imp_DestroyIcon
glfw3.lib(win32_window.obj) : error LNK2001: 확인할 수 없는 외부 기호 __imp_LoadImageW
glfw3.lib(win32_window.obj) : error LNK2001: 확인할 수 없는 외부 기호 __imp_CreateIconIndirect
glfw3.lib(win32_window.obj) : error LNK2001: 확인할 수 없는 외부 기호 __imp_MonitorFromWindow
glfw3.lib(win32_window.obj) : error LNK2001: 확인할 수 없는 외부 기호 __imp_GetRawInputData
glfw3.lib(win32_window.obj) : error LNK2001: 확인할 수 없는 외부 기호 __imp_RegisterRawInputDevices
glfw3.lib(win32_window.obj) : error LNK2001: 확인할 수 없는 외부 기호 __imp_DragQueryFileW
glfw3.lib(win32_window.obj) : error LNK2001: 확인할 수 없는 외부 기호 __imp_DragQueryPoint
glfw3.lib(win32_window.obj) : error LNK2001: 확인할 수 없는 외부 기호 __imp_DragFinish
glfw3.lib(win32_window.obj) : error LNK2001: 확인할 수 없는 외부 기호 __imp_DragAcceptFiles
glfw3.lib(win32_joystick.obj) : error LNK2001: 확인할 수 없는 외부 기호 __imp_GetRawInputDeviceInfoA
glfw3.lib(win32_joystick.obj) : error LNK2001: 확인할 수 없는 외부 기호 __imp_GetRawInputDeviceList
glfw3.lib(wgl_context.obj) : error LNK2001: 확인할 수 없는 외부 기호 __imp_ChoosePixelFormat
glfw3.lib(wgl_context.obj) : error LNK2001: 확인할 수 없는 외부 기호 __imp_DescribePixelFormat
glfw3.lib(wgl_context.obj) : error LNK2001: 확인할 수 없는 외부 기호 __imp_SetPixelFormat
glfw3.lib(wgl_context.obj) : error LNK2001: 확인할 수 없는 외부 기호 __imp_SwapBuffers
D:\Github\varnet\varnet\x64\Release\varnet.exe : fatal error LNK1120: 97개의 확인할 수 없는 외부 참조입니다.
